<?xml version="1.0" encoding="UTF-8"?>
<testsuite xmlns:xsi="http://www.w3.org/2001/XMLSchema-instance" xsi:schemaLocation="https://maven.apache.org/surefire/maven-surefire-plugin/xsd/surefire-test-report.xsd" name="TestRunner" time="45.225" tests="13" errors="0" skipped="0" failures="0">
  <properties>
[...]
</properties>
  <testcase name="Given I navigate to TradeMe Sandbox" classname="Scenario: Check the number of brands that are available in UsedCars category" time="0.006"/>
  <testcase name="And I go to Used cars category" classname="Scenario: Check the number of brands that are available in UsedCars category" time="0"/>
  <testcase name="Then I verify that 35 brands are available" classname="Scenario: Check the number of brands that are available in UsedCars category" time="0"/>
  <testcase name="Scenario: Check the number of brands that are available in UsedCars category" classname="Scenario: Check the number of brands that are available in UsedCars category" time="0.777"/>
  <testcase name="Given I navigate to TradeMe Sandbox" classname="Scenario: Check that Kia brand is available with 1 car listed in UsedCars category" time="0"/>
  <testcase name="And I go to Used cars category" classname="Scenario: Check that Kia brand is available with 1 car listed in UsedCars category" time="0"/>
  <testcase name="Then I verify that Kia brand is available" classname="Scenario: Check that Kia brand is available with 1 car listed in UsedCars category" time="0"/>
  <testcase name="And I verify that 1 car is available in Kia brand" classname="Scenario: Check that Kia brand is available with 1 car listed in UsedCars category" time="0"/>
  <testcase name="Scenario: Check that Kia brand is available with 1 car listed in UsedCars category" classname="Scenario: Check that Kia brand is available with 1 car listed in UsedCars category" time="0.679"/>
  <testcase name="Given I navigate to TradeMe Sandbox" classname="Scenario: Check Hispano Suiza brand is not available in UsedCars category" time="0"/>
  <testcase name="And I go to Used cars category" classname="Scenario: Check Hispano Suiza brand is not available in UsedCars category" time="0"/>
  <testcase name="Then I verify that Hispano Suiza brand is not available" classname="Scenario: Check Hispano Suiza brand is not available in UsedCars category" time="0"/>
  <testcase name="Scenario: Check Hispano Suiza brand is not available in UsedCars category" classname="Scenario: Check Hispano Suiza brand is not available in UsedCars category" time="0.661"/>
</testsuite>